<?xml version="1.0" encoding="UTF-8"?>
<!-- Generated by org.testng.reporters.JUnitXMLReporter -->
<testsuite ignored="0" hostname="DESKTOP-KJBN7L5" failures="1" tests="3" name="Error Validation Test" time="50.322" errors="0" timestamp="09 Feb 2023 12:17:42 GMT">
  <testcase classname="MavenIntroduction.SeleniumFramework.ErrorValidationTest" name="loginErrorValidation" time="0.725">
    <skipped/>
  </testcase> <!-- loginErrorValidation -->
  <testcase classname="MavenIntroduction.SeleniumFramework.ErrorValidationTest" name="loginErrorValidation" time="0.972">
    <failure type="java.lang.AssertionError" message="expected [Incorrect email or password.] but found [Incorrect email password.]">
      <![CDATA[java.lang.AssertionError: expected [Incorrect email or password.] but found [Incorrect email password.]
at MavenIntroduction.SeleniumFramework.ErrorValidationTest.loginErrorValidation(ErrorValidationTest.java:22)
at java.base/java.util.concurrent.FutureTask.run(FutureTask.java:264)
at java.base/java.util.concurrent.ThreadPoolExecutor.runWorker(ThreadPoolExecutor.java:1136)
at java.base/java.util.concurrent.ThreadPoolExecutor$Worker.run(ThreadPoolExecutor.java:635)
at java.base/java.lang.Thread.run(Thread.java:833)
... Removed 22 stack frames]]>
    </failure>
  </testcase> <!-- loginErrorValidation -->
  <testcase classname="MavenIntroduction.SeleniumFramework.ErrorValidationTest" name="submitOrderErrorvalidation" time="2.011"/>
</testsuite> <!-- Error Validation Test -->
